<?xml version="1.0" encoding="UTF-8"?>
<!-- Generated by org.testng.reporters.JUnitXMLReporter -->
<testsuite hostname="Kiran-PC" ignored="0" name="ValidatingTitle" tests="2" failures="1" timestamp="2019-03-09T16:48:09 IST" time="17.441" errors="0">
  <testcase name="checkBar" time="0.067" classname="academy.ValidateTitle">
    <failure type="java.lang.AssertionError" message="expected [false] but found [true]">
      <![CDATA[java.lang.AssertionError: expected [false] but found [true]
at academy.ValidateTitle.checkBar(ValidateTitle.java:41)
... Removed 36 stack frames]]>
    </failure>
  </testcase> <!-- checkBar -->
  <testcase name="checkTitle" time="0.071" classname="academy.ValidateTitle"/>
</testsuite> <!-- ValidatingTitle -->
