-------------------------------------------------------------------------------
Test set: TestSuite
-------------------------------------------------------------------------------
Tests run: 4, Failures: 1, Errors: 0, Skipped: 0, Time elapsed: 129.491 s <<< FAILURE! - in TestSuite
checkBar(academy.ValidateTitle)  Time elapsed: 0.077 s  <<< FAILURE!
java.lang.AssertionError: expected [false] but found [true]
	at academy.ValidateTitle.checkBar(ValidateTitle.java:41)

