<?xml version="1.0" encoding="UTF-8"?>
<testng-results skipped="0" failed="0" ignored="0" total="2" passed="2">
  <reporter-output>
  </reporter-output>
  <suite name="Default suite" duration-ms="39703" started-at="2019-03-08T17:14:27Z" finished-at="2019-03-08T17:15:06Z">
    <groups>
    </groups>
    <test name="Default test" duration-ms="39703" started-at="2019-03-08T17:14:27Z" finished-at="2019-03-08T17:15:06Z">
      <class name="academy.ValidateTitle">
        <test-method status="PASS" signature="browserInvok()[pri:0, instance:academy.ValidateTitle@184ab05]" name="browserInvok" is-config="true" duration-ms="39360" started-at="2019-03-08T17:14:27Z" finished-at="2019-03-08T17:15:06Z">
          <reporter-output>
          </reporter-output>
        </test-method> <!-- browserInvok -->
        <test-method status="PASS" signature="checkBar()[pri:0, instance:academy.ValidateTitle@184ab05]" name="checkBar" duration-ms="84" started-at="2019-03-08T17:15:06Z" finished-at="2019-03-08T17:15:06Z">
          <reporter-output>
          </reporter-output>
        </test-method> <!-- checkBar -->
        <test-method status="PASS" signature="checkTitle()[pri:0, instance:academy.ValidateTitle@184ab05]" name="checkTitle" duration-ms="66" started-at="2019-03-08T17:15:06Z" finished-at="2019-03-08T17:15:06Z">
          <reporter-output>
          </reporter-output>
        </test-method> <!-- checkTitle -->
        <test-method status="PASS" signature="tearDown()[pri:0, instance:academy.ValidateTitle@184ab05]" name="tearDown" is-config="true" duration-ms="138" started-at="2019-03-08T17:15:06Z" finished-at="2019-03-08T17:15:06Z">
          <reporter-output>
          </reporter-output>
        </test-method> <!-- tearDown -->
      </class> <!-- academy.ValidateTitle -->
    </test> <!-- Default test -->
  </suite> <!-- Default suite -->
</testng-results>
